This is TeX, Version 3.141592653 (TeX Live 2022/nixos.org) (preloaded format=tex 1980.1.1)  8 FEB 2024 21:22
**\section

*
! Interruption.
<*> 
    
? 
(Please type a command or say `\end')
*
(Please type a command or say `\end')
*
(Please type a command or say `\end')
*
(Please type a command or say `\end')
*
(Please type a command or say `\end')
*
(Please type a command or say `\end')
*
(Please type a command or say `\end')
*
(Please type a command or say `\end')
*
(Please type a command or say `\end')
*
(Please type a command or say `\end')
*
(Please type a command or say `\end')
*
(Please type a command or say `\end')
*
(Please type a command or say `\end')
*\end
No pages of output.
